login/build/intermediates/manifest_merge_blame_file/debug/manifest-merger-blame-debug-report.txt
1<?xml version="1.0" encoding="utf-8"?>
2<manifest xmlns:android="http://schemas.android.com/apk/res/android"
3    xmlns:dist="http://schemas.android.com/apk/distribution"
4    featureSplit="login"
5    package="com.samfonsec.poczinha"
6    android:versionCode="1"
7    android:versionName="1.0" >
8
9    <uses-sdk
10        android:minSdkVersion="23"
10-->src/main/AndroidManifest.xml
11        android:targetSdkVersion="30" />
11-->src/main/AndroidManifest.xml
12
13    <dist:module
13-->src/main/AndroidManifest.xml:6:5-11:19
14        dist:instant="false"
14-->src/main/AndroidManifest.xml:7:9-29
15        dist:onDemand="false"
15-->src/main/AndroidManifest.xml:8:9-30
16        dist:title="@string/login_module" >
16-->src/main/AndroidManifest.xml:9:9-42
17        <dist:fusing dist:include="true" />
17-->src/main/AndroidManifest.xml:10:9-43
17-->src/main/AndroidManifest.xml:10:22-41
18    </dist:module>
19
20    <application
20-->src/main/AndroidManifest.xml:13:5-21:19
21        android:debuggable="true"
22        android:extractNativeLibs="false"
23        android:testOnly="true" >
24        <activity
24-->src/main/AndroidManifest.xml:14:9-20:20
25            android:name="com.samfonsec.login.activities.LoginActivity"
25-->src/main/AndroidManifest.xml:15:13-53
26            android:screenOrientation="portrait"
26-->src/main/AndroidManifest.xml:16:13-49
27            android:splitName="login" >
28            <meta-data
28-->src/main/AndroidManifest.xml:17:13-19:40
29                android:name="addressable"
29-->src/main/AndroidManifest.xml:18:17-43
30                android:value="true" />
30-->src/main/AndroidManifest.xml:19:17-37
31        </activity>
32    </application>
33
34</manifest>